<?xml version="1.0" encoding="utf-8"?><testsuites name="pytest tests"><testsuite name="pytest" errors="0" failures="0" skipped="0" tests="106" time="88.607" timestamp="2026-09-13T16:24:44.412698+08:00" hostname="RobertShieh-ASUS-J6F4ES4"><testcase classname="tests.test_script_forge" name="test_offline_seed_passes_rule_dims" time="0.001" /><testcase classname="tests.test_script_forge" name="test_rule_dims_flag_missing_episodes" time="0.002" /><testcase classname="tests.test_script_forge" name="test_forge_runs_full_floor_before_lock" time="2.043" /><testcase classname="tests.test_script_forge" name="test_capped_run_is_not_eligible" time="1.265" /><testcase classname="tests.test_script_forge" name="test_gate_rejects_unverified_lock[payload0]" time="0.037" /><testcase classname="tests.test_script_forge" name="test_gate_rejects_unverified_lock[payload1]" time="0.034" /><testcase classname="tests.test_script_forge" name="test_gate_rejects_unverified_lock[payload2]" time="0.035" /><testcase classname="tests.test_script_forge" name="test_gate_rejects_malformed_lock" time="0.035" /><testcase classname="tests.test_script_forge" name="test_gate_accepts_complete_consistent_evidence" time="2.317" /><testcase classname="tests.test_script_forge" name="test_gate_rejects_changed_evidence[state_latest.json-title-changed after review]" time="2.283" /><testcase classname="tests.test_script_forge" name="test_gate_rejects_changed_evidence[best_package.json-title-changed after review]" time="2.741" /><testcase classname="tests.test_script_forge" name="test_gate_rejects_changed_evidence[iter_01.json-degraded-True]" time="2.833" /><testcase classname="tests.test_script_forge" name="test_gate_rejects_changed_evidence[iter_01.json-errors-1]" time="3.148" /><testcase classname="tests.test_script_forge" name="test_gate_rejects_changed_evidence[run_meta.json-mode-offline]" time="3.001" /><testcase classname="tests.test_script_forge" name="test_gate_rejects_changed_evidence[lock_ready.json-final_total-nan]" time="3.706" /><testcase classname="tests.test_script_forge" name="test_gate_rejects_changed_evidence[lock_ready.json-final_total-1.0]" time="3.379" /><testcase classname="tests.test_script_forge" name="test_gate_rejects_missing_iteration" time="2.678" /><testcase classname="tests.test_script_forge" name="test_resume_continues_and_locks" time="2.168" /><testcase classname="tests.test_script_forge" name="test_existing_run_requires_resume_or_force" time="2.491" /><testcase classname="tests.test_script_forge" name="test_min_iters_below_ceo_floor_rejected" time="0.003" /><testcase classname="tests.test_script_forge" name="test_apply_patch_merges_episode_patches" time="0.001" /><testcase classname="tests.test_script_forge" name="test_salvage_json_recovers_truncated_seed" time="0.001" /><testcase classname="tests.test_script_forge" name="test_salvage_json_returns_none_for_garbage" time="0.001" /><testcase classname="tests.test_script_forge" name="test_apply_patch_upserts_missing_episodes_and_guards_empties" time="0.001" /><testcase classname="tests.test_script_forge" name="test_restore_missing_recovers_seed_fields" time="0.002" /><testcase classname="tests.test_script_forge" name="test_apply_patch_merges_pilot_excerpt_without_touching_samples" time="0.001" /><testcase classname="tests.test_script_forge" name="test_review_panel_merges_critics_and_director" time="0.004" /><testcase classname="tests.test_script_forge" name="test_review_panel_critic_failure_marks_degraded" time="0.004" /><testcase classname="tests.test_script_forge" name="test_review_panel_director_failure_uses_critic_anchor" time="0.004" /><testcase classname="tests.test_script_forge" name="test_review_panel_total_failure_falls_back_to_single_judge" time="0.004" /><testcase classname="tests.test_script_forge" name="test_md_row_marks_degraded_rounds" time="0.002" /><testcase classname="tests.test_script_forge" name="test_campaign_cap_is_industry_1000" time="0.001" /><testcase classname="tests.test_script_forge" name="test_plateau_warning_alerts_after_idle_streak" time="0.001" /><testcase classname="tests.test_script_forge" name="test_ceo_notes_reader" time="0.083" /><testcase classname="tests.test_script_forge" name="test_excerpt_rotation_keeps_ep1_off_colliding_index" time="0.001" /><testcase classname="tests.test_script_forge" name="test_locked_episode_enforcement_roundtrip" time="0.529" /><testcase classname="tests.test_script_forge" name="test_rotation_skips_locked_episode" time="0.001" /><testcase classname="tests.test_script_forge" name="test_append_text_retries_on_smb_lock" time="0.115" /><testcase classname="tests.test_script_forge" name="test_pilot_gate_accepts_valid_arc_and_writes_lock" time="4.796" /><testcase classname="tests.test_script_forge" name="test_pilot_gate_requires_review_evidence" time="3.668" /><testcase classname="tests.test_script_forge" name="test_pilot_gate_goes_stale_when_package_changes" time="2.639" /><testcase classname="tests.test_script_forge" name="test_pilot_gate_offline_run_cannot_authorize" time="1.874" /><testcase classname="tests.test_script_forge" name="test_pilot_gate_cli_dispatch" time="2.986" /><testcase classname="tests.test_script_forge" name="test_pilot_gate_rejects_bad_arc_evidence[overrides0]" time="2.837" /><testcase classname="tests.test_script_forge" name="test_pilot_gate_rejects_bad_arc_evidence[overrides1]" time="2.644" /><testcase classname="tests.test_script_forge" name="test_pilot_gate_rejects_bad_arc_evidence[overrides2]" time="3.121" /><testcase classname="tests.test_script_forge" name="test_pilot_gate_rejects_bad_arc_evidence[overrides3]" time="2.769" /><testcase classname="tests.test_script_forge" name="test_pilot_gate_rejects_bad_arc_evidence[overrides4]" time="3.338" /><testcase classname="tests.test_script_forge" name="test_pilot_gate_rejects_bad_arc_evidence[overrides5]" time="2.142" /><testcase classname="tests.test_script_forge" name="test_pilot_gate_rejects_bad_arc_evidence[overrides6]" time="2.702" /><testcase classname="tests.test_script_forge" name="test_pilot_gate_rejects_bad_arc_evidence[overrides7]" time="2.058" /><testcase classname="tests.test_script_forge" name="test_pilot_gate_rejects_bad_arc_evidence[overrides8]" time="2.643" /><testcase classname="tests.test_script_forge" name="test_pilot_gate_rejects_bad_arc_evidence[overrides9]" time="2.551" /><testcase classname="tests.test_script_forge" name="test_pilot_gate_rejects_bad_arc_evidence[overrides10]" time="3.149" /><testcase classname="tests.test_script_forge" name="test_pilot_gate_rejects_bad_arc_evidence[overrides11]" time="2.873" /><testcase classname="tests.test_mac_wan_worker" name="test_model_frames_cover_target_without_padding" time="0.002" /><testcase classname="tests.test_mac_wan_worker" name="test_invalid_frame_requests_rejected[0-20]" time="0.002" /><testcase classname="tests.test_mac_wan_worker" name="test_invalid_frame_requests_rejected[-1-20]" time="0.001" /><testcase classname="tests.test_mac_wan_worker" name="test_invalid_frame_requests_rejected[5-0]" time="0.001" /><testcase classname="tests.test_mac_wan_worker" name="test_invalid_frame_requests_rejected[nan-20]" time="0.002" /><testcase classname="tests.test_mac_wan_worker" name="test_dispatch_compiles_distinct_seeds_and_exact_frames" time="0.001" /><testcase classname="tests.test_mac_wan_worker" name="test_master_rejected_before_generation[missing]" time="0.064" /><testcase classname="tests.test_mac_wan_worker" name="test_master_rejected_before_generation[changed]" time="0.105" /><testcase classname="tests.test_mac_wan_worker" name="test_master_rejected_before_generation[short]" time="0.057" /><testcase classname="tests.test_mac_wan_worker" name="test_master_rejected_before_generation[no_audio]" time="0.067" /><testcase classname="tests.test_mac_wan_worker" name="test_failed_qc_never_enters_done" time="0.114" /><testcase classname="tests.test_mac_wan_worker" name="test_missing_master_blocks_before_comfy" time="0.122" /><testcase classname="tests.test_mac_wan_worker" name="test_delivery_rejects_video_mismatch[nb_frames-99]" time="0.001" /><testcase classname="tests.test_mac_wan_worker" name="test_delivery_rejects_video_mismatch[codec_name-hevc]" time="0.002" /><testcase classname="tests.test_mac_wan_worker" name="test_delivery_rejects_video_mismatch[width-720]" time="0.002" /><testcase classname="tests.test_mac_wan_worker" name="test_delivery_rejects_video_mismatch[avg_frame_rate-24/1]" time="0.001" /><testcase classname="tests.test_mac_wan_worker" name="test_delivery_rejects_audio_mismatch[None]" time="0.001" /><testcase classname="tests.test_mac_wan_worker" name="test_delivery_rejects_audio_mismatch[audio1]" time="0.001" /><testcase classname="tests.test_mac_wan_worker" name="test_delivery_rejects_audio_mismatch[audio2]" time="0.002" /><testcase classname="tests.test_mac_wan_worker" name="test_delivery_rejects_audio_mismatch[audio3]" time="0.001" /><testcase classname="tests.test_mac_wan_worker" name="test_ffmpeg_normalize_concat_mux_and_full_decode" time="1.331" /><testcase classname="tests.test_mac_wan_worker" name="test_worker_lock_excludes_second_owner_and_releases" time="0.088" /><testcase classname="tests.test_mac_wan_worker" name="test_restart_reuses_persisted_provider_task" time="0.197" /><testcase classname="tests.test_mac_wan_worker" name="test_submission_unknown_does_not_resubmit" time="0.056" /><testcase classname="tests.test_mac_wan_worker" name="test_changed_generation_inputs_do_not_reuse_task" time="0.201" /><testcase classname="tests.test_mac_wan_worker" name="test_recovery_conflict_preserves_both_jobs" time="0.103" /><testcase classname="tests.test_dispatch_steps_policy" name="test_default_steps_pass" time="0.001" /><testcase classname="tests.test_dispatch_steps_policy" name="test_twenty_steps_pass" time="0.001" /><testcase classname="tests.test_dispatch_steps_policy" name="test_sub_twenty_steps_rejected" time="0.001" /><testcase classname="tests.test_dispatch_steps_policy" name="test_sub_twenty_steps_allowed_for_smoke_tests" time="0.001" /><testcase classname="tests.test_dispatch_to_mac_path" name="test_to_mac_path_uses_forward_slashes" time="0.021" /><testcase classname="tests.test_dispatch_to_mac_path" name="test_to_mac_path_rejects_paths_outside_the_share" time="0.002" /><testcase classname="tests.test_music_timeline" name="test_shot_lengths_respect_floor_and_cap" time="0.862" /><testcase classname="tests.test_music_timeline" name="test_frames_sum_matches_timeline_exactly" time="0.002" /><testcase classname="tests.test_music_timeline" name="test_boundaries_cover_zero_to_duration" time="0.002" /><testcase classname="tests.test_music_timeline" name="test_deterministic_with_seed" time="0.002" /><testcase classname="tests.test_music_timeline" name="test_adjacent_sources_differ" time="0.001" /><testcase classname="tests.test_music_timeline" name="test_unique_triples_zero_replays" time="0.002" /><testcase classname="tests.test_music_timeline" name="test_validator_flags_short_shot" time="0.001" /><testcase classname="tests.test_music_timeline" name="test_json_roundtrip" time="0.020" /><testcase classname="tests.test_music_timeline" name="test_source_pool_too_small_raises" time="0.001" /><testcase classname="tests.test_music_timeline" name="test_ambient_style_uses_long_holds" time="0.001" /><testcase classname="tests.test_music_timeline" name="test_validator_honors_style_params" time="0.001" /><testcase classname="tests.test_music_timeline" name="test_unknown_style_rejected" time="0.001" /><testcase classname="Auto_Drama.tests.test_lmd_video_guards" name="test_prompt_must_be_prepared_before_generation[-urls0]" time="0.002" /><testcase classname="Auto_Drama.tests.test_lmd_video_guards" name="test_prompt_must_be_prepared_before_generation[no reference token-urls1]" time="0.001" /><testcase classname="Auto_Drama.tests.test_lmd_video_guards" name="test_prompt_must_be_prepared_before_generation[@\u56fe\u72470-urls2]" time="0.002" /><testcase classname="Auto_Drama.tests.test_lmd_video_guards" name="test_prompt_must_be_prepared_before_generation[@\u56fe\u72472-urls3]" time="0.001" /><testcase classname="Auto_Drama.tests.test_lmd_video_guards" name="test_prompt_must_be_prepared_before_generation[@\u5716\u72471-urls4]" time="0.001" /><testcase classname="Auto_Drama.tests.test_lmd_video_guards" name="test_valid_prompt_is_preserved" time="0.001" /><testcase classname="Auto_Drama.tests.test_lmd_video_guards" name="test_invalid_later_shot_blocks_all_generation" time="0.007" /></testsuite></testsuites>